<?xml version="1.0" encoding="UTF-8"?>
<testng-results ignored="0" total="1" passed="1" failed="0" skipped="0">
  <reporter-output>
  </reporter-output>
  <suite started-at="2021-03-22T07:04:22Z" name="Default suite" finished-at="2021-03-22T07:04:24Z" duration-ms="1263">
    <groups>
    </groups>
    <test started-at="2021-03-22T07:04:22Z" name="Default test" finished-at="2021-03-22T07:04:24Z" duration-ms="1263">
      <class name="restApiRealTime.GetReqLogger">
        <test-method is-config="true" signature="setup()[pri:0, instance:restApiRealTime.GetReqLogger@768fc0f2]" started-at="2021-03-22T07:04:22Z" name="setup" finished-at="2021-03-22T07:04:24Z" duration-ms="1237" status="PASS">
          <reporter-output>
          </reporter-output>
        </test-method> <!-- setup -->
        <test-method signature="test1()[pri:0, instance:restApiRealTime.GetReqLogger@768fc0f2]" started-at="2021-03-22T07:04:24Z" name="test1" finished-at="2021-03-22T07:04:24Z" duration-ms="6" status="PASS">
          <reporter-output>
          </reporter-output>
        </test-method> <!-- test1 -->
      </class> <!-- restApiRealTime.GetReqLogger -->
    </test> <!-- Default test -->
  </suite> <!-- Default suite -->
</testng-results>
